<?xml version="1.0" encoding="UTF-8"?>
<testsuite xmlns:xsi="http://www.w3.org/2001/XMLSchema-instance" xsi:noNamespaceSchemaLocation="https://maven.apache.org/surefire/maven-surefire-plugin/xsd/surefire-test-report.xsd" name="com.api.cambio.CambioApplicationTests" time="42.462" tests="1" errors="0" skipped="0" failures="0">
  <properties>
    <property name="sun.desktop" value="windows"/>
    <property name="awt.toolkit" value="sun.awt.windows.WToolkit"/>
    <property name="java.specification.version" value="11"/>
    <property name="sun.cpu.isalist" value="amd64"/>
    <property name="sun.jnu.encoding" value="Cp1252"/>
    <property name="java.class.path" value="D:\Dev\repo\estudo03-LoadBalance\cambio\target\test-classes;D:\Dev\repo\estudo03-LoadBalance\cambio\target\classes;C:\Users\tiago\.m2\repository\org\springframework\boot\spring-boot-starter-actuator\2.5.5\spring-boot-starter-actuator-2.5.5.jar;C:\Users\tiago\.m2\repository\org\springframework\boot\spring-boot-starter\2.5.5\spring-boot-starter-2.5.5.jar;C:\Users\tiago\.m2\repository\org\springframework\boot\spring-boot\2.5.5\spring-boot-2.5.5.jar;C:\Users\tiago\.m2\repository\org\springframework\boot\spring-boot-autoconfigure\2.5.5\spring-boot-autoconfigure-2.5.5.jar;C:\Users\tiago\.m2\repository\org\springframework\boot\spring-boot-starter-logging\2.5.5\spring-boot-starter-logging-2.5.5.jar;C:\Users\tiago\.m2\repository\ch\qos\logback\logback-classic\1.2.6\logback-classic-1.2.6.jar;C:\Users\tiago\.m2\repository\ch\qos\logback\logback-core\1.2.6\logback-core-1.2.6.jar;C:\Users\tiago\.m2\repository\org\apache\logging\log4j\log4j-to-slf4j\2.14.1\log4j-to-slf4j-2.14.1.jar;C:\Users\tiago\.m2\repository\org\apache\logging\log4j\log4j-api\2.14.1\log4j-api-2.14.1.jar;C:\Users\tiago\.m2\repository\org\slf4j\jul-to-slf4j\1.7.32\jul-to-slf4j-1.7.32.jar;C:\Users\tiago\.m2\repository\jakarta\annotation\jakarta.annotation-api\1.3.5\jakarta.annotation-api-1.3.5.jar;C:\Users\tiago\.m2\repository\org\yaml\snakeyaml\1.28\snakeyaml-1.28.jar;C:\Users\tiago\.m2\repository\org\springframework\boot\spring-boot-actuator-autoconfigure\2.5.5\spring-boot-actuator-autoconfigure-2.5.5.jar;C:\Users\tiago\.m2\repository\org\springframework\boot\spring-boot-actuator\2.5.5\spring-boot-actuator-2.5.5.jar;C:\Users\tiago\.m2\repository\com\fasterxml\jackson\core\jackson-databind\2.12.5\jackson-databind-2.12.5.jar;C:\Users\tiago\.m2\repository\com\fasterxml\jackson\datatype\jackson-datatype-jsr310\2.12.5\jackson-datatype-jsr310-2.12.5.jar;C:\Users\tiago\.m2\repository\io\micrometer\micrometer-core\1.7.4\micrometer-core-1.7.4.jar;C:\Users\tiago\.m2\repository\org\hdrhistogram\HdrHistogram\2.1.12\HdrHistogram-2.1.12.jar;C:\Users\tiago\.m2\repository\org\latencyutils\LatencyUtils\2.0.3\LatencyUtils-2.0.3.jar;C:\Users\tiago\.m2\repository\org\springdoc\springdoc-openapi-webmvc-core\1.5.7\springdoc-openapi-webmvc-core-1.5.7.jar;C:\Users\tiago\.m2\repository\org\springdoc\springdoc-openapi-common\1.5.7\springdoc-openapi-common-1.5.7.jar;C:\Users\tiago\.m2\repository\io\swagger\core\v3\swagger-models\2.1.7\swagger-models-2.1.7.jar;C:\Users\tiago\.m2\repository\io\swagger\core\v3\swagger-annotations\2.1.7\swagger-annotations-2.1.7.jar;C:\Users\tiago\.m2\repository\io\swagger\core\v3\swagger-integration\2.1.7\swagger-integration-2.1.7.jar;C:\Users\tiago\.m2\repository\io\swagger\core\v3\swagger-core\2.1.7\swagger-core-2.1.7.jar;C:\Users\tiago\.m2\repository\com\fasterxml\jackson\dataformat\jackson-dataformat-yaml\2.12.5\jackson-dataformat-yaml-2.12.5.jar;C:\Users\tiago\.m2\repository\jakarta\validation\jakarta.validation-api\2.0.2\jakarta.validation-api-2.0.2.jar;C:\Users\tiago\.m2\repository\io\github\classgraph\classgraph\4.8.69\classgraph-4.8.69.jar;C:\Users\tiago\.m2\repository\org\apache\commons\commons-lang3\3.12.0\commons-lang3-3.12.0.jar;C:\Users\tiago\.m2\repository\org\springframework\spring-webmvc\5.3.10\spring-webmvc-5.3.10.jar;C:\Users\tiago\.m2\repository\org\springframework\spring-aop\5.3.10\spring-aop-5.3.10.jar;C:\Users\tiago\.m2\repository\org\springframework\spring-beans\5.3.10\spring-beans-5.3.10.jar;C:\Users\tiago\.m2\repository\org\springframework\spring-context\5.3.10\spring-context-5.3.10.jar;C:\Users\tiago\.m2\repository\org\springframework\spring-expression\5.3.10\spring-expression-5.3.10.jar;C:\Users\tiago\.m2\repository\org\springdoc\springdoc-openapi-ui\1.5.7\springdoc-openapi-ui-1.5.7.jar;C:\Users\tiago\.m2\repository\org\webjars\swagger-ui\3.46.0\swagger-ui-3.46.0.jar;C:\Users\tiago\.m2\repository\org\webjars\webjars-locator-core\0.46\webjars-locator-core-0.46.jar;C:\Users\tiago\.m2\repository\org\slf4j\slf4j-api\1.7.32\slf4j-api-1.7.32.jar;C:\Users\tiago\.m2\repository\com\fasterxml\jackson\core\jackson-core\2.12.5\jackson-core-2.12.5.jar;C:\Users\tiago\.m2\repository\org\springframework\boot\spring-boot-starter-web\2.5.5\spring-boot-starter-web-2.5.5.jar;C:\Users\tiago\.m2\repository\org\springframework\boot\spring-boot-starter-json\2.5.5\spring-boot-starter-json-2.5.5.jar;C:\Users\tiago\.m2\repository\com\fasterxml\jackson\datatype\jackson-datatype-jdk8\2.12.5\jackson-datatype-jdk8-2.12.5.jar;C:\Users\tiago\.m2\repository\com\fasterxml\jackson\module\jackson-module-parameter-names\2.12.5\jackson-module-parameter-names-2.12.5.jar;C:\Users\tiago\.m2\repository\org\springframework\boot\spring-boot-starter-tomcat\2.5.5\spring-boot-starter-tomcat-2.5.5.jar;C:\Users\tiago\.m2\repository\org\apache\tomcat\embed\tomcat-embed-core\9.0.53\tomcat-embed-core-9.0.53.jar;C:\Users\tiago\.m2\repository\org\apache\tomcat\embed\tomcat-embed-el\9.0.53\tomcat-embed-el-9.0.53.jar;C:\Users\tiago\.m2\repository\org\apache\tomcat\embed\tomcat-embed-websocket\9.0.53\tomcat-embed-websocket-9.0.53.jar;C:\Users\tiago\.m2\repository\org\springframework\spring-web\5.3.10\spring-web-5.3.10.jar;C:\Users\tiago\.m2\repository\org\springframework\boot\spring-boot-starter-data-jpa\2.5.5\spring-boot-starter-data-jpa-2.5.5.jar;C:\Users\tiago\.m2\repository\org\springframework\boot\spring-boot-starter-aop\2.5.5\spring-boot-starter-aop-2.5.5.jar;C:\Users\tiago\.m2\repository\org\aspectj\aspectjweaver\1.9.7\aspectjweaver-1.9.7.jar;C:\Users\tiago\.m2\repository\org\springframework\boot\spring-boot-starter-jdbc\2.5.5\spring-boot-starter-jdbc-2.5.5.jar;C:\Users\tiago\.m2\repository\com\zaxxer\HikariCP\4.0.3\HikariCP-4.0.3.jar;C:\Users\tiago\.m2\repository\org\springframework\spring-jdbc\5.3.10\spring-jdbc-5.3.10.jar;C:\Users\tiago\.m2\repository\jakarta\transaction\jakarta.transaction-api\1.3.3\jakarta.transaction-api-1.3.3.jar;C:\Users\tiago\.m2\repository\jakarta\persistence\jakarta.persistence-api\2.2.3\jakarta.persistence-api-2.2.3.jar;C:\Users\tiago\.m2\repository\org\hibernate\hibernate-core\5.4.32.Final\hibernate-core-5.4.32.Final.jar;C:\Users\tiago\.m2\repository\org\jboss\logging\jboss-logging\3.4.2.Final\jboss-logging-3.4.2.Final.jar;C:\Users\tiago\.m2\repository\org\javassist\javassist\3.27.0-GA\javassist-3.27.0-GA.jar;C:\Users\tiago\.m2\repository\net\bytebuddy\byte-buddy\1.10.22\byte-buddy-1.10.22.jar;C:\Users\tiago\.m2\repository\antlr\antlr\2.7.7\antlr-2.7.7.jar;C:\Users\tiago\.m2\repository\org\jboss\jandex\2.2.3.Final\jandex-2.2.3.Final.jar;C:\Users\tiago\.m2\repository\com\fasterxml\classmate\1.5.1\classmate-1.5.1.jar;C:\Users\tiago\.m2\repository\org\dom4j\dom4j\2.1.3\dom4j-2.1.3.jar;C:\Users\tiago\.m2\repository\org\hibernate\common\hibernate-commons-annotations\5.1.2.Final\hibernate-commons-annotations-5.1.2.Final.jar;C:\Users\tiago\.m2\repository\org\glassfish\jaxb\jaxb-runtime\2.3.5\jaxb-runtime-2.3.5.jar;C:\Users\tiago\.m2\repository\org\glassfish\jaxb\txw2\2.3.5\txw2-2.3.5.jar;C:\Users\tiago\.m2\repository\com\sun\istack\istack-commons-runtime\3.0.12\istack-commons-runtime-3.0.12.jar;C:\Users\tiago\.m2\repository\com\sun\activation\jakarta.activation\1.2.2\jakarta.activation-1.2.2.jar;C:\Users\tiago\.m2\repository\org\springframework\data\spring-data-jpa\2.5.5\spring-data-jpa-2.5.5.jar;C:\Users\tiago\.m2\repository\org\springframework\data\spring-data-commons\2.5.5\spring-data-commons-2.5.5.jar;C:\Users\tiago\.m2\repository\org\springframework\spring-orm\5.3.10\spring-orm-5.3.10.jar;C:\Users\tiago\.m2\repository\org\springframework\spring-tx\5.3.10\spring-tx-5.3.10.jar;C:\Users\tiago\.m2\repository\org\springframework\spring-aspects\5.3.10\spring-aspects-5.3.10.jar;C:\Users\tiago\.m2\repository\mysql\mysql-connector-java\8.0.26\mysql-connector-java-8.0.26.jar;C:\Users\tiago\.m2\repository\org\flywaydb\flyway-core\7.7.3\flyway-core-7.7.3.jar;C:\Users\tiago\.m2\repository\org\springframework\cloud\spring-cloud-starter-netflix-eureka-client\3.0.4\spring-cloud-starter-netflix-eureka-client-3.0.4.jar;C:\Users\tiago\.m2\repository\org\springframework\cloud\spring-cloud-starter\3.0.4\spring-cloud-starter-3.0.4.jar;C:\Users\tiago\.m2\repository\org\springframework\cloud\spring-cloud-context\3.0.4\spring-cloud-context-3.0.4.jar;C:\Users\tiago\.m2\repository\org\springframework\security\spring-security-crypto\5.5.2\spring-security-crypto-5.5.2.jar;C:\Users\tiago\.m2\repository\org\springframework\cloud\spring-cloud-commons\3.0.4\spring-cloud-commons-3.0.4.jar;C:\Users\tiago\.m2\repository\org\springframework\security\spring-security-rsa\1.0.10.RELEASE\spring-security-rsa-1.0.10.RELEASE.jar;C:\Users\tiago\.m2\repository\org\bouncycastle\bcpkix-jdk15on\1.68\bcpkix-jdk15on-1.68.jar;C:\Users\tiago\.m2\repository\org\bouncycastle\bcprov-jdk15on\1.68\bcprov-jdk15on-1.68.jar;C:\Users\tiago\.m2\repository\org\springframework\cloud\spring-cloud-netflix-eureka-client\3.0.4\spring-cloud-netflix-eureka-client-3.0.4.jar;C:\Users\tiago\.m2\repository\com\netflix\eureka\eureka-client\1.10.16\eureka-client-1.10.16.jar;C:\Users\tiago\.m2\repository\com\netflix\netflix-commons\netflix-eventbus\0.3.0\netflix-eventbus-0.3.0.jar;C:\Users\tiago\.m2\repository\com\netflix\netflix-commons\netflix-infix\0.3.0\netflix-infix-0.3.0.jar;C:\Users\tiago\.m2\repository\commons-jxpath\commons-jxpath\1.3\commons-jxpath-1.3.jar;C:\Users\tiago\.m2\repository\joda-time\joda-time\2.3\joda-time-2.3.jar;C:\Users\tiago\.m2\repository\org\antlr\antlr-runtime\3.4\antlr-runtime-3.4.jar;C:\Users\tiago\.m2\repository\org\antlr\stringtemplate\3.2.1\stringtemplate-3.2.1.jar;C:\Users\tiago\.m2\repository\com\google\code\gson\gson\2.8.8\gson-2.8.8.jar;C:\Users\tiago\.m2\repository\org\apache\commons\commons-math\2.2\commons-math-2.2.jar;C:\Users\tiago\.m2\repository\com\thoughtworks\xstream\xstream\1.4.18\xstream-1.4.18.jar;C:\Users\tiago\.m2\repository\io\github\x-stream\mxparser\1.2.2\mxparser-1.2.2.jar;C:\Users\tiago\.m2\repository\xmlpull\xmlpull\1.1.3.1\xmlpull-1.1.3.1.jar;C:\Users\tiago\.m2\repository\javax\ws\rs\jsr311-api\1.1.1\jsr311-api-1.1.1.jar;C:\Users\tiago\.m2\repository\com\netflix\servo\servo-core\0.12.21\servo-core-0.12.21.jar;C:\Users\tiago\.m2\repository\com\google\guava\guava\19.0\guava-19.0.jar;C:\Users\tiago\.m2\repository\org\apache\httpcomponents\httpclient\4.5.13\httpclient-4.5.13.jar;C:\Users\tiago\.m2\repository\org\apache\httpcomponents\httpcore\4.4.14\httpcore-4.4.14.jar;C:\Users\tiago\.m2\repository\commons-codec\commons-codec\1.15\commons-codec-1.15.jar;C:\Users\tiago\.m2\repository\commons-configuration\commons-configuration\1.10\commons-configuration-1.10.jar;C:\Users\tiago\.m2\repository\commons-lang\commons-lang\2.6\commons-lang-2.6.jar;C:\Users\tiago\.m2\repository\com\google\inject\guice\4.1.0\guice-4.1.0.jar;C:\Users\tiago\.m2\repository\javax\inject\javax.inject\1\javax.inject-1.jar;C:\Users\tiago\.m2\repository\aopalliance\aopalliance\1.0\aopalliance-1.0.jar;C:\Users\tiago\.m2\repository\com\fasterxml\jackson\core\jackson-annotations\2.12.5\jackson-annotations-2.12.5.jar;C:\Users\tiago\.m2\repository\org\codehaus\jettison\jettison\1.4.0\jettison-1.4.0.jar;C:\Users\tiago\.m2\repository\com\netflix\eureka\eureka-core\1.10.16\eureka-core-1.10.16.jar;C:\Users\tiago\.m2\repository\com\fasterxml\woodstox\woodstox-core\6.2.1\woodstox-core-6.2.1.jar;C:\Users\tiago\.m2\repository\org\codehaus\woodstox\stax2-api\4.2.1\stax2-api-4.2.1.jar;C:\Users\tiago\.m2\repository\org\springframework\cloud\spring-cloud-starter-loadbalancer\3.0.4\spring-cloud-starter-loadbalancer-3.0.4.jar;C:\Users\tiago\.m2\repository\org\springframework\cloud\spring-cloud-loadbalancer\3.0.4\spring-cloud-loadbalancer-3.0.4.jar;C:\Users\tiago\.m2\repository\io\projectreactor\reactor-core\3.4.10\reactor-core-3.4.10.jar;C:\Users\tiago\.m2\repository\org\reactivestreams\reactive-streams\1.0.3\reactive-streams-1.0.3.jar;C:\Users\tiago\.m2\repository\io\projectreactor\addons\reactor-extra\3.4.5\reactor-extra-3.4.5.jar;C:\Users\tiago\.m2\repository\org\springframework\boot\spring-boot-starter-cache\2.5.5\spring-boot-starter-cache-2.5.5.jar;C:\Users\tiago\.m2\repository\org\springframework\spring-context-support\5.3.10\spring-context-support-5.3.10.jar;C:\Users\tiago\.m2\repository\com\stoyanr\evictor\1.0.0\evictor-1.0.0.jar;C:\Users\tiago\.m2\repository\org\springframework\boot\spring-boot-starter-test\2.5.5\spring-boot-starter-test-2.5.5.jar;C:\Users\tiago\.m2\repository\org\springframework\boot\spring-boot-test\2.5.5\spring-boot-test-2.5.5.jar;C:\Users\tiago\.m2\repository\org\springframework\boot\spring-boot-test-autoconfigure\2.5.5\spring-boot-test-autoconfigure-2.5.5.jar;C:\Users\tiago\.m2\repository\com\jayway\jsonpath\json-path\2.5.0\json-path-2.5.0.jar;C:\Users\tiago\.m2\repository\net\minidev\json-smart\2.4.7\json-smart-2.4.7.jar;C:\Users\tiago\.m2\repository\net\minidev\accessors-smart\2.4.7\accessors-smart-2.4.7.jar;C:\Users\tiago\.m2\repository\org\ow2\asm\asm\9.1\asm-9.1.jar;C:\Users\tiago\.m2\repository\jakarta\xml\bind\jakarta.xml.bind-api\2.3.3\jakarta.xml.bind-api-2.3.3.jar;C:\Users\tiago\.m2\repository\jakarta\activation\jakarta.activation-api\1.2.2\jakarta.activation-api-1.2.2.jar;C:\Users\tiago\.m2\repository\org\assertj\assertj-core\3.19.0\assertj-core-3.19.0.jar;C:\Users\tiago\.m2\repository\org\hamcrest\hamcrest\2.2\hamcrest-2.2.jar;C:\Users\tiago\.m2\repository\org\junit\jupiter\junit-jupiter\5.7.2\junit-jupiter-5.7.2.jar;C:\Users\tiago\.m2\repository\org\junit\jupiter\junit-jupiter-api\5.7.2\junit-jupiter-api-5.7.2.jar;C:\Users\tiago\.m2\repository\org\apiguardian\apiguardian-api\1.1.0\apiguardian-api-1.1.0.jar;C:\Users\tiago\.m2\repository\org\opentest4j\opentest4j\1.2.0\opentest4j-1.2.0.jar;C:\Users\tiago\.m2\repository\org\junit\platform\junit-platform-commons\1.7.2\junit-platform-commons-1.7.2.jar;C:\Users\tiago\.m2\repository\org\junit\jupiter\junit-jupiter-params\5.7.2\junit-jupiter-params-5.7.2.jar;C:\Users\tiago\.m2\repository\org\junit\jupiter\junit-jupiter-engine\5.7.2\junit-jupiter-engine-5.7.2.jar;C:\Users\tiago\.m2\repository\org\junit\platform\junit-platform-engine\1.7.2\junit-platform-engine-1.7.2.jar;C:\Users\tiago\.m2\repository\org\mockito\mockito-core\3.9.0\mockito-core-3.9.0.jar;C:\Users\tiago\.m2\repository\net\bytebuddy\byte-buddy-agent\1.10.22\byte-buddy-agent-1.10.22.jar;C:\Users\tiago\.m2\repository\org\objenesis\objenesis\3.2\objenesis-3.2.jar;C:\Users\tiago\.m2\repository\org\mockito\mockito-junit-jupiter\3.9.0\mockito-junit-jupiter-3.9.0.jar;C:\Users\tiago\.m2\repository\org\skyscreamer\jsonassert\1.5.0\jsonassert-1.5.0.jar;C:\Users\tiago\.m2\repository\com\vaadin\external\google\android-json\0.0.20131108.vaadin1\android-json-0.0.20131108.vaadin1.jar;C:\Users\tiago\.m2\repository\org\springframework\spring-core\5.3.10\spring-core-5.3.10.jar;C:\Users\tiago\.m2\repository\org\springframework\spring-jcl\5.3.10\spring-jcl-5.3.10.jar;C:\Users\tiago\.m2\repository\org\springframework\spring-test\5.3.10\spring-test-5.3.10.jar;C:\Users\tiago\.m2\repository\org\xmlunit\xmlunit-core\2.8.2\xmlunit-core-2.8.2.jar;C:\Users\tiago\.m2\repository\org\projectlombok\lombok\1.18.20\lombok-1.18.20.jar;"/>
    <property name="java.vm.vendor" value="AdoptOpenJDK"/>
    <property name="sun.arch.data.model" value="64"/>
    <property name="user.variant" value=""/>
    <property name="java.vendor.url" value="https://adoptopenjdk.net/"/>
    <property name="user.timezone" value="America/Sao_Paulo"/>
    <property name="java.vm.specification.version" value="11"/>
    <property name="os.name" value="Windows 10"/>
    <property name="sun.java.launcher" value="SUN_STANDARD"/>
    <property name="user.country" value="BR"/>
    <property name="sun.boot.library.path" value="D:\Dev\AdoptOpenJDK\jdk-11.0.10.9-hotspot\bin"/>
    <property name="sun.java.command" value="C:\Users\tiago\AppData\Local\Temp\surefire9603866081510646005\surefirebooter13751454973647297594.jar C:\Users\tiago\AppData\Local\Temp\surefire9603866081510646005 2021-09-29T19-42-15_738-jvmRun1 surefire1076887754033574617tmp surefire_010953995062171505674tmp"/>
    <property name="jdk.debug" value="release"/>
    <property name="surefire.test.class.path" value="D:\Dev\repo\estudo03-LoadBalance\cambio\target\test-classes;D:\Dev\repo\estudo03-LoadBalance\cambio\target\classes;C:\Users\tiago\.m2\repository\org\springframework\boot\spring-boot-starter-actuator\2.5.5\spring-boot-starter-actuator-2.5.5.jar;C:\Users\tiago\.m2\repository\org\springframework\boot\spring-boot-starter\2.5.5\spring-boot-starter-2.5.5.jar;C:\Users\tiago\.m2\repository\org\springframework\boot\spring-boot\2.5.5\spring-boot-2.5.5.jar;C:\Users\tiago\.m2\repository\org\springframework\boot\spring-boot-autoconfigure\2.5.5\spring-boot-autoconfigure-2.5.5.jar;C:\Users\tiago\.m2\repository\org\springframework\boot\spring-boot-starter-logging\2.5.5\spring-boot-starter-logging-2.5.5.jar;C:\Users\tiago\.m2\repository\ch\qos\logback\logback-classic\1.2.6\logback-classic-1.2.6.jar;C:\Users\tiago\.m2\repository\ch\qos\logback\logback-core\1.2.6\logback-core-1.2.6.jar;C:\Users\tiago\.m2\repository\org\apache\logging\log4j\log4j-to-slf4j\2.14.1\log4j-to-slf4j-2.14.1.jar;C:\Users\tiago\.m2\repository\org\apache\logging\log4j\log4j-api\2.14.1\log4j-api-2.14.1.jar;C:\Users\tiago\.m2\repository\org\slf4j\jul-to-slf4j\1.7.32\jul-to-slf4j-1.7.32.jar;C:\Users\tiago\.m2\repository\jakarta\annotation\jakarta.annotation-api\1.3.5\jakarta.annotation-api-1.3.5.jar;C:\Users\tiago\.m2\repository\org\yaml\snakeyaml\1.28\snakeyaml-1.28.jar;C:\Users\tiago\.m2\repository\org\springframework\boot\spring-boot-actuator-autoconfigure\2.5.5\spring-boot-actuator-autoconfigure-2.5.5.jar;C:\Users\tiago\.m2\repository\org\springframework\boot\spring-boot-actuator\2.5.5\spring-boot-actuator-2.5.5.jar;C:\Users\tiago\.m2\repository\com\fasterxml\jackson\core\jackson-databind\2.12.5\jackson-databind-2.12.5.jar;C:\Users\tiago\.m2\repository\com\fasterxml\jackson\datatype\jackson-datatype-jsr310\2.12.5\jackson-datatype-jsr310-2.12.5.jar;C:\Users\tiago\.m2\repository\io\micrometer\micrometer-core\1.7.4\micrometer-core-1.7.4.jar;C:\Users\tiago\.m2\repository\org\hdrhistogram\HdrHistogram\2.1.12\HdrHistogram-2.1.12.jar;C:\Users\tiago\.m2\repository\org\latencyutils\LatencyUtils\2.0.3\LatencyUtils-2.0.3.jar;C:\Users\tiago\.m2\repository\org\springdoc\springdoc-openapi-webmvc-core\1.5.7\springdoc-openapi-webmvc-core-1.5.7.jar;C:\Users\tiago\.m2\repository\org\springdoc\springdoc-openapi-common\1.5.7\springdoc-openapi-common-1.5.7.jar;C:\Users\tiago\.m2\repository\io\swagger\core\v3\swagger-models\2.1.7\swagger-models-2.1.7.jar;C:\Users\tiago\.m2\repository\io\swagger\core\v3\swagger-annotations\2.1.7\swagger-annotations-2.1.7.jar;C:\Users\tiago\.m2\repository\io\swagger\core\v3\swagger-integration\2.1.7\swagger-integration-2.1.7.jar;C:\Users\tiago\.m2\repository\io\swagger\core\v3\swagger-core\2.1.7\swagger-core-2.1.7.jar;C:\Users\tiago\.m2\repository\com\fasterxml\jackson\dataformat\jackson-dataformat-yaml\2.12.5\jackson-dataformat-yaml-2.12.5.jar;C:\Users\tiago\.m2\repository\jakarta\validation\jakarta.validation-api\2.0.2\jakarta.validation-api-2.0.2.jar;C:\Users\tiago\.m2\repository\io\github\classgraph\classgraph\4.8.69\classgraph-4.8.69.jar;C:\Users\tiago\.m2\repository\org\apache\commons\commons-lang3\3.12.0\commons-lang3-3.12.0.jar;C:\Users\tiago\.m2\repository\org\springframework\spring-webmvc\5.3.10\spring-webmvc-5.3.10.jar;C:\Users\tiago\.m2\repository\org\springframework\spring-aop\5.3.10\spring-aop-5.3.10.jar;C:\Users\tiago\.m2\repository\org\springframework\spring-beans\5.3.10\spring-beans-5.3.10.jar;C:\Users\tiago\.m2\repository\org\springframework\spring-context\5.3.10\spring-context-5.3.10.jar;C:\Users\tiago\.m2\repository\org\springframework\spring-expression\5.3.10\spring-expression-5.3.10.jar;C:\Users\tiago\.m2\repository\org\springdoc\springdoc-openapi-ui\1.5.7\springdoc-openapi-ui-1.5.7.jar;C:\Users\tiago\.m2\repository\org\webjars\swagger-ui\3.46.0\swagger-ui-3.46.0.jar;C:\Users\tiago\.m2\repository\org\webjars\webjars-locator-core\0.46\webjars-locator-core-0.46.jar;C:\Users\tiago\.m2\repository\org\slf4j\slf4j-api\1.7.32\slf4j-api-1.7.32.jar;C:\Users\tiago\.m2\repository\com\fasterxml\jackson\core\jackson-core\2.12.5\jackson-core-2.12.5.jar;C:\Users\tiago\.m2\repository\org\springframework\boot\spring-boot-starter-web\2.5.5\spring-boot-starter-web-2.5.5.jar;C:\Users\tiago\.m2\repository\org\springframework\boot\spring-boot-starter-json\2.5.5\spring-boot-starter-json-2.5.5.jar;C:\Users\tiago\.m2\repository\com\fasterxml\jackson\datatype\jackson-datatype-jdk8\2.12.5\jackson-datatype-jdk8-2.12.5.jar;C:\Users\tiago\.m2\repository\com\fasterxml\jackson\module\jackson-module-parameter-names\2.12.5\jackson-module-parameter-names-2.12.5.jar;C:\Users\tiago\.m2\repository\org\springframework\boot\spring-boot-starter-tomcat\2.5.5\spring-boot-starter-tomcat-2.5.5.jar;C:\Users\tiago\.m2\repository\org\apache\tomcat\embed\tomcat-embed-core\9.0.53\tomcat-embed-core-9.0.53.jar;C:\Users\tiago\.m2\repository\org\apache\tomcat\embed\tomcat-embed-el\9.0.53\tomcat-embed-el-9.0.53.jar;C:\Users\tiago\.m2\repository\org\apache\tomcat\embed\tomcat-embed-websocket\9.0.53\tomcat-embed-websocket-9.0.53.jar;C:\Users\tiago\.m2\repository\org\springframework\spring-web\5.3.10\spring-web-5.3.10.jar;C:\Users\tiago\.m2\repository\org\springframework\boot\spring-boot-starter-data-jpa\2.5.5\spring-boot-starter-data-jpa-2.5.5.jar;C:\Users\tiago\.m2\repository\org\springframework\boot\spring-boot-starter-aop\2.5.5\spring-boot-starter-aop-2.5.5.jar;C:\Users\tiago\.m2\repository\org\aspectj\aspectjweaver\1.9.7\aspectjweaver-1.9.7.jar;C:\Users\tiago\.m2\repository\org\springframework\boot\spring-boot-starter-jdbc\2.5.5\spring-boot-starter-jdbc-2.5.5.jar;C:\Users\tiago\.m2\repository\com\zaxxer\HikariCP\4.0.3\HikariCP-4.0.3.jar;C:\Users\tiago\.m2\repository\org\springframework\spring-jdbc\5.3.10\spring-jdbc-5.3.10.jar;C:\Users\tiago\.m2\repository\jakarta\transaction\jakarta.transaction-api\1.3.3\jakarta.transaction-api-1.3.3.jar;C:\Users\tiago\.m2\repository\jakarta\persistence\jakarta.persistence-api\2.2.3\jakarta.persistence-api-2.2.3.jar;C:\Users\tiago\.m2\repository\org\hibernate\hibernate-core\5.4.32.Final\hibernate-core-5.4.32.Final.jar;C:\Users\tiago\.m2\repository\org\jboss\logging\jboss-logging\3.4.2.Final\jboss-logging-3.4.2.Final.jar;C:\Users\tiago\.m2\repository\org\javassist\javassist\3.27.0-GA\javassist-3.27.0-GA.jar;C:\Users\tiago\.m2\repository\net\bytebuddy\byte-buddy\1.10.22\byte-buddy-1.10.22.jar;C:\Users\tiago\.m2\repository\antlr\antlr\2.7.7\antlr-2.7.7.jar;C:\Users\tiago\.m2\repository\org\jboss\jandex\2.2.3.Final\jandex-2.2.3.Final.jar;C:\Users\tiago\.m2\repository\com\fasterxml\classmate\1.5.1\classmate-1.5.1.jar;C:\Users\tiago\.m2\repository\org\dom4j\dom4j\2.1.3\dom4j-2.1.3.jar;C:\Users\tiago\.m2\repository\org\hibernate\common\hibernate-commons-annotations\5.1.2.Final\hibernate-commons-annotations-5.1.2.Final.jar;C:\Users\tiago\.m2\repository\org\glassfish\jaxb\jaxb-runtime\2.3.5\jaxb-runtime-2.3.5.jar;C:\Users\tiago\.m2\repository\org\glassfish\jaxb\txw2\2.3.5\txw2-2.3.5.jar;C:\Users\tiago\.m2\repository\com\sun\istack\istack-commons-runtime\3.0.12\istack-commons-runtime-3.0.12.jar;C:\Users\tiago\.m2\repository\com\sun\activation\jakarta.activation\1.2.2\jakarta.activation-1.2.2.jar;C:\Users\tiago\.m2\repository\org\springframework\data\spring-data-jpa\2.5.5\spring-data-jpa-2.5.5.jar;C:\Users\tiago\.m2\repository\org\springframework\data\spring-data-commons\2.5.5\spring-data-commons-2.5.5.jar;C:\Users\tiago\.m2\repository\org\springframework\spring-orm\5.3.10\spring-orm-5.3.10.jar;C:\Users\tiago\.m2\repository\org\springframework\spring-tx\5.3.10\spring-tx-5.3.10.jar;C:\Users\tiago\.m2\repository\org\springframework\spring-aspects\5.3.10\spring-aspects-5.3.10.jar;C:\Users\tiago\.m2\repository\mysql\mysql-connector-java\8.0.26\mysql-connector-java-8.0.26.jar;C:\Users\tiago\.m2\repository\org\flywaydb\flyway-core\7.7.3\flyway-core-7.7.3.jar;C:\Users\tiago\.m2\repository\org\springframework\cloud\spring-cloud-starter-netflix-eureka-client\3.0.4\spring-cloud-starter-netflix-eureka-client-3.0.4.jar;C:\Users\tiago\.m2\repository\org\springframework\cloud\spring-cloud-starter\3.0.4\spring-cloud-starter-3.0.4.jar;C:\Users\tiago\.m2\repository\org\springframework\cloud\spring-cloud-context\3.0.4\spring-cloud-context-3.0.4.jar;C:\Users\tiago\.m2\repository\org\springframework\security\spring-security-crypto\5.5.2\spring-security-crypto-5.5.2.jar;C:\Users\tiago\.m2\repository\org\springframework\cloud\spring-cloud-commons\3.0.4\spring-cloud-commons-3.0.4.jar;C:\Users\tiago\.m2\repository\org\springframework\security\spring-security-rsa\1.0.10.RELEASE\spring-security-rsa-1.0.10.RELEASE.jar;C:\Users\tiago\.m2\repository\org\bouncycastle\bcpkix-jdk15on\1.68\bcpkix-jdk15on-1.68.jar;C:\Users\tiago\.m2\repository\org\bouncycastle\bcprov-jdk15on\1.68\bcprov-jdk15on-1.68.jar;C:\Users\tiago\.m2\repository\org\springframework\cloud\spring-cloud-netflix-eureka-client\3.0.4\spring-cloud-netflix-eureka-client-3.0.4.jar;C:\Users\tiago\.m2\repository\com\netflix\eureka\eureka-client\1.10.16\eureka-client-1.10.16.jar;C:\Users\tiago\.m2\repository\com\netflix\netflix-commons\netflix-eventbus\0.3.0\netflix-eventbus-0.3.0.jar;C:\Users\tiago\.m2\repository\com\netflix\netflix-commons\netflix-infix\0.3.0\netflix-infix-0.3.0.jar;C:\Users\tiago\.m2\repository\commons-jxpath\commons-jxpath\1.3\commons-jxpath-1.3.jar;C:\Users\tiago\.m2\repository\joda-time\joda-time\2.3\joda-time-2.3.jar;C:\Users\tiago\.m2\repository\org\antlr\antlr-runtime\3.4\antlr-runtime-3.4.jar;C:\Users\tiago\.m2\repository\org\antlr\stringtemplate\3.2.1\stringtemplate-3.2.1.jar;C:\Users\tiago\.m2\repository\com\google\code\gson\gson\2.8.8\gson-2.8.8.jar;C:\Users\tiago\.m2\repository\org\apache\commons\commons-math\2.2\commons-math-2.2.jar;C:\Users\tiago\.m2\repository\com\thoughtworks\xstream\xstream\1.4.18\xstream-1.4.18.jar;C:\Users\tiago\.m2\repository\io\github\x-stream\mxparser\1.2.2\mxparser-1.2.2.jar;C:\Users\tiago\.m2\repository\xmlpull\xmlpull\1.1.3.1\xmlpull-1.1.3.1.jar;C:\Users\tiago\.m2\repository\javax\ws\rs\jsr311-api\1.1.1\jsr311-api-1.1.1.jar;C:\Users\tiago\.m2\repository\com\netflix\servo\servo-core\0.12.21\servo-core-0.12.21.jar;C:\Users\tiago\.m2\repository\com\google\guava\guava\19.0\guava-19.0.jar;C:\Users\tiago\.m2\repository\org\apache\httpcomponents\httpclient\4.5.13\httpclient-4.5.13.jar;C:\Users\tiago\.m2\repository\org\apache\httpcomponents\httpcore\4.4.14\httpcore-4.4.14.jar;C:\Users\tiago\.m2\repository\commons-codec\commons-codec\1.15\commons-codec-1.15.jar;C:\Users\tiago\.m2\repository\commons-configuration\commons-configuration\1.10\commons-configuration-1.10.jar;C:\Users\tiago\.m2\repository\commons-lang\commons-lang\2.6\commons-lang-2.6.jar;C:\Users\tiago\.m2\repository\com\google\inject\guice\4.1.0\guice-4.1.0.jar;C:\Users\tiago\.m2\repository\javax\inject\javax.inject\1\javax.inject-1.jar;C:\Users\tiago\.m2\repository\aopalliance\aopalliance\1.0\aopalliance-1.0.jar;C:\Users\tiago\.m2\repository\com\fasterxml\jackson\core\jackson-annotations\2.12.5\jackson-annotations-2.12.5.jar;C:\Users\tiago\.m2\repository\org\codehaus\jettison\jettison\1.4.0\jettison-1.4.0.jar;C:\Users\tiago\.m2\repository\com\netflix\eureka\eureka-core\1.10.16\eureka-core-1.10.16.jar;C:\Users\tiago\.m2\repository\com\fasterxml\woodstox\woodstox-core\6.2.1\woodstox-core-6.2.1.jar;C:\Users\tiago\.m2\repository\org\codehaus\woodstox\stax2-api\4.2.1\stax2-api-4.2.1.jar;C:\Users\tiago\.m2\repository\org\springframework\cloud\spring-cloud-starter-loadbalancer\3.0.4\spring-cloud-starter-loadbalancer-3.0.4.jar;C:\Users\tiago\.m2\repository\org\springframework\cloud\spring-cloud-loadbalancer\3.0.4\spring-cloud-loadbalancer-3.0.4.jar;C:\Users\tiago\.m2\repository\io\projectreactor\reactor-core\3.4.10\reactor-core-3.4.10.jar;C:\Users\tiago\.m2\repository\org\reactivestreams\reactive-streams\1.0.3\reactive-streams-1.0.3.jar;C:\Users\tiago\.m2\repository\io\projectreactor\addons\reactor-extra\3.4.5\reactor-extra-3.4.5.jar;C:\Users\tiago\.m2\repository\org\springframework\boot\spring-boot-starter-cache\2.5.5\spring-boot-starter-cache-2.5.5.jar;C:\Users\tiago\.m2\repository\org\springframework\spring-context-support\5.3.10\spring-context-support-5.3.10.jar;C:\Users\tiago\.m2\repository\com\stoyanr\evictor\1.0.0\evictor-1.0.0.jar;C:\Users\tiago\.m2\repository\org\springframework\boot\spring-boot-starter-test\2.5.5\spring-boot-starter-test-2.5.5.jar;C:\Users\tiago\.m2\repository\org\springframework\boot\spring-boot-test\2.5.5\spring-boot-test-2.5.5.jar;C:\Users\tiago\.m2\repository\org\springframework\boot\spring-boot-test-autoconfigure\2.5.5\spring-boot-test-autoconfigure-2.5.5.jar;C:\Users\tiago\.m2\repository\com\jayway\jsonpath\json-path\2.5.0\json-path-2.5.0.jar;C:\Users\tiago\.m2\repository\net\minidev\json-smart\2.4.7\json-smart-2.4.7.jar;C:\Users\tiago\.m2\repository\net\minidev\accessors-smart\2.4.7\accessors-smart-2.4.7.jar;C:\Users\tiago\.m2\repository\org\ow2\asm\asm\9.1\asm-9.1.jar;C:\Users\tiago\.m2\repository\jakarta\xml\bind\jakarta.xml.bind-api\2.3.3\jakarta.xml.bind-api-2.3.3.jar;C:\Users\tiago\.m2\repository\jakarta\activation\jakarta.activation-api\1.2.2\jakarta.activation-api-1.2.2.jar;C:\Users\tiago\.m2\repository\org\assertj\assertj-core\3.19.0\assertj-core-3.19.0.jar;C:\Users\tiago\.m2\repository\org\hamcrest\hamcrest\2.2\hamcrest-2.2.jar;C:\Users\tiago\.m2\repository\org\junit\jupiter\junit-jupiter\5.7.2\junit-jupiter-5.7.2.jar;C:\Users\tiago\.m2\repository\org\junit\jupiter\junit-jupiter-api\5.7.2\junit-jupiter-api-5.7.2.jar;C:\Users\tiago\.m2\repository\org\apiguardian\apiguardian-api\1.1.0\apiguardian-api-1.1.0.jar;C:\Users\tiago\.m2\repository\org\opentest4j\opentest4j\1.2.0\opentest4j-1.2.0.jar;C:\Users\tiago\.m2\repository\org\junit\platform\junit-platform-commons\1.7.2\junit-platform-commons-1.7.2.jar;C:\Users\tiago\.m2\repository\org\junit\jupiter\junit-jupiter-params\5.7.2\junit-jupiter-params-5.7.2.jar;C:\Users\tiago\.m2\repository\org\junit\jupiter\junit-jupiter-engine\5.7.2\junit-jupiter-engine-5.7.2.jar;C:\Users\tiago\.m2\repository\org\junit\platform\junit-platform-engine\1.7.2\junit-platform-engine-1.7.2.jar;C:\Users\tiago\.m2\repository\org\mockito\mockito-core\3.9.0\mockito-core-3.9.0.jar;C:\Users\tiago\.m2\repository\net\bytebuddy\byte-buddy-agent\1.10.22\byte-buddy-agent-1.10.22.jar;C:\Users\tiago\.m2\repository\org\objenesis\objenesis\3.2\objenesis-3.2.jar;C:\Users\tiago\.m2\repository\org\mockito\mockito-junit-jupiter\3.9.0\mockito-junit-jupiter-3.9.0.jar;C:\Users\tiago\.m2\repository\org\skyscreamer\jsonassert\1.5.0\jsonassert-1.5.0.jar;C:\Users\tiago\.m2\repository\com\vaadin\external\google\android-json\0.0.20131108.vaadin1\android-json-0.0.20131108.vaadin1.jar;C:\Users\tiago\.m2\repository\org\springframework\spring-core\5.3.10\spring-core-5.3.10.jar;C:\Users\tiago\.m2\repository\org\springframework\spring-jcl\5.3.10\spring-jcl-5.3.10.jar;C:\Users\tiago\.m2\repository\org\springframework\spring-test\5.3.10\spring-test-5.3.10.jar;C:\Users\tiago\.m2\repository\org\xmlunit\xmlunit-core\2.8.2\xmlunit-core-2.8.2.jar;C:\Users\tiago\.m2\repository\org\projectlombok\lombok\1.18.20\lombok-1.18.20.jar;"/>
    <property name="sun.cpu.endian" value="little"/>
    <property name="user.home" value="C:\Users\tiago"/>
    <property name="user.language" value="pt"/>
    <property name="java.specification.vendor" value="Oracle Corporation"/>
    <property name="java.version.date" value="2021-01-19"/>
    <property name="java.home" value="D:\Dev\AdoptOpenJDK\jdk-11.0.10.9-hotspot"/>
    <property name="file.separator" value="\"/>
    <property name="basedir" value="D:\Dev\repo\estudo03-LoadBalance\cambio"/>
    <property name="java.vm.compressedOopsMode" value="Zero based"/>
    <property name="line.separator" value="&#10;"/>
    <property name="java.specification.name" value="Java Platform API Specification"/>
    <property name="java.vm.specification.vendor" value="Oracle Corporation"/>
    <property name="java.awt.graphicsenv" value="sun.awt.Win32GraphicsEnvironment"/>
    <property name="surefire.real.class.path" value="C:\Users\tiago\AppData\Local\Temp\surefire9603866081510646005\surefirebooter13751454973647297594.jar"/>
    <property name="user.script" value=""/>
    <property name="sun.management.compiler" value="HotSpot 64-Bit Tiered Compilers"/>
    <property name="java.runtime.version" value="11.0.10+9"/>
    <property name="user.name" value="tiago"/>
    <property name="path.separator" value=";"/>
    <property name="os.version" value="10.0"/>
    <property name="java.runtime.name" value="OpenJDK Runtime Environment"/>
    <property name="file.encoding" value="Cp1252"/>
    <property name="java.vm.name" value="OpenJDK 64-Bit Server VM"/>
    <property name="java.vendor.version" value="AdoptOpenJDK"/>
    <property name="localRepository" value="C:\Users\tiago\.m2\repository"/>
    <property name="java.vendor.url.bug" value="https://github.com/AdoptOpenJDK/openjdk-support/issues"/>
    <property name="java.io.tmpdir" value="C:\Users\tiago\AppData\Local\Temp\"/>
    <property name="java.version" value="11.0.10"/>
    <property name="user.dir" value="D:\Dev\repo\estudo03-LoadBalance\cambio"/>
    <property name="os.arch" value="amd64"/>
    <property name="java.vm.specification.name" value="Java Virtual Machine Specification"/>
    <property name="java.awt.printerjob" value="sun.awt.windows.WPrinterJob"/>
    <property name="sun.os.patch.level" value=""/>
    <property name="java.library.path" value="D:\Dev\AdoptOpenJDK\jdk-11.0.10.9-hotspot\bin;C:\WINDOWS\Sun\Java\bin;C:\WINDOWS\system32;C:\WINDOWS;D:\dev\AdoptOpenJDK\jdk-11.0.10.9-hotspot\bin;C:\Program Files (x86)\Common Files\Oracle\Java\javapath;C:\ProgramData\Oracle\Java\javapath;C:\Windows\system32;C:\Windows;C:\Windows\System32\Wbem;C:\Windows\System32\WindowsPowerShell\v1.0\;C:\Program Files (x86)\NVIDIA Corporation\PhysX\Common;C:\WINDOWS\system32;C:\WINDOWS;C:\WINDOWS\System32\Wbem;C:\WINDOWS\System32\WindowsPowerShell\v1.0\;C:\WINDOWS\System32\OpenSSH\;C:\Program Files\NVIDIA Corporation\NVIDIA NvDLISR;D:\XAMPP\php;C:\composer;C:\WINDOWS\system32;C:\WINDOWS;C:\WINDOWS\System32\Wbem;C:\WINDOWS\System32\WindowsPowerShell\v1.0\;C:\WINDOWS\System32\OpenSSH\;D:\composer;C:\Program Files (x86)\Sybase\Adaptive Server Anywhere 6.0\win32;C:\Program Files (x86)\Sybase\Shared\Sun\jdk117\bin;C:\Program Files (x86)\Sybase\PowerDynamo\win32;D:\Git\cmd;C:\Program Files (x86)\Intel\Intel(R) Management Engine Components\DAL;C:\Program Files\Intel\Intel(R) Management Engine Components\DAL;D:\dev\nodejs\;C:\Program Files\Git\cmd;D:\Dev\apache-maven-3.8.2\bin\;C:\Program Files\Docker\Docker\resources\bin;C:\ProgramData\DockerDesktop\version-bin;C:\Users\tiago\AppData\Local\Microsoft\WindowsApps;C:\Users\tiago\AppData\Roaming\Composer\vendor\bin;C:\Users\tiago\AppData\Local\Programs\Microsoft VS Code\bin;D:\xampp\java-1.8.0-openjdk-1.8.0.242-3.b08.redhat.windows.x86_64\bin;D:\xampp\apache-maven-3.6.3\bin;C:\Users\tiago\AppData\Roaming\npm;C:\Users\tiago\AppData\Local\GitHubDesktop\bin;."/>
    <property name="java.vm.info" value="mixed mode"/>
    <property name="java.vendor" value="AdoptOpenJDK"/>
    <property name="java.vm.version" value="11.0.10+9"/>
    <property name="sun.io.unicode.encoding" value="UnicodeLittle"/>
    <property name="skiptests" value="true"/>
    <property name="java.class.version" value="55.0"/>
  </properties>
  <testcase name="contextLoads" classname="com.api.cambio.CambioApplicationTests" time="0.433"/>
</testsuite>